-- The C compiler identification is GNU 13.3.0
-- The CXX compiler identification is GNU 13.3.0
-- Detecting C compiler ABI info
-- Detecting C compiler ABI info - done
-- Check for working C compiler: /usr/bin/cc - skipped
-- Detecting C compile features
-- Detecting C compile features - done
-- Detecting CXX compiler ABI info
-- Detecting CXX compiler ABI info - done
-- Check for working CXX compiler: /usr/bin/c++ - skipped
-- Detecting CXX compile features
-- Detecting CXX compile features - done
-- Found ament_cmake: 2.5.4 (/opt/ros/jazzy/share/ament_cmake/cmake)
-- Found Python3: /usr/bin/python3 (found version "3.12.3") found components: Interpreter 
-- Found angles: 1.16.0 (/opt/ros/jazzy/share/angles/cmake)
-- Found controller_interface: 4.29.0 (/opt/ros/jazzy/share/controller_interface/cmake)
-- Found rosidl_generator_c: 4.6.5 (/opt/ros/jazzy/share/rosidl_generator_c/cmake)
-- Found rosidl_generator_cpp: 4.6.5 (/opt/ros/jazzy/share/rosidl_generator_cpp/cmake)
-- Using all available rosidl_typesupport_c: rosidl_typesupport_fastrtps_c;rosidl_typesupport_introspection_c
-- Using all available rosidl_typesupport_cpp: rosidl_typesupport_fastrtps_cpp;rosidl_typesupport_introspection_cpp
-- Found TinyXML2 via Config file: /usr/lib/x86_64-linux-gnu/cmake/tinyxml2
-- Found rmw_implementation_cmake: 7.3.2 (/opt/ros/jazzy/share/rmw_implementation_cmake/cmake)
-- Found rmw_fastrtps_cpp: 8.4.2 (/opt/ros/jazzy/share/rmw_fastrtps_cpp/cmake)
-- Found TinyXML2 via Config file: /usr/lib/x86_64-linux-gnu/cmake/tinyxml2
-- Found OpenSSL: /usr/lib/x86_64-linux-gnu/libcrypto.so (found version "3.0.13")  
-- Found TinyXML2 via Config file: /usr/lib/x86_64-linux-gnu/cmake/tinyxml2
-- Found FastRTPS: /opt/ros/jazzy/include (Required is at least version "2.13") 
-- Found TinyXML2 via Config file: /usr/lib/x86_64-linux-gnu/cmake/tinyxml2
-- Found TinyXML2 via Config file: /usr/lib/x86_64-linux-gnu/cmake/tinyxml2
-- Using RMW implementation 'rmw_fastrtps_cpp' as default
-- Found joint_trajectory_controller: 4.25.0 (/opt/ros/jazzy/share/joint_trajectory_controller/cmake)
-- Found eigen3_cmake_module: 0.3.0 (/opt/ros/jazzy/share/eigen3_cmake_module/cmake)
-- Found Eigen3: TRUE (found version "3.4.0") 
-- Ensuring Eigen3 include directory is part of orocos-kdl CMake target
-- Found std_srvs: 5.3.6 (/opt/ros/jazzy/share/std_srvs/cmake)
-- Found ur_dashboard_msgs: 3.1.1 (/home/himanshu/ros2_ws/src/install/ur_dashboard_msgs/share/ur_dashboard_msgs/cmake)
-- Found ur_msgs: 2.2.0 (/home/himanshu/ros2_ws/install/ur_msgs/share/ur_msgs/cmake)
-- Found ament_cmake_gmock: 2.5.4 (/opt/ros/jazzy/share/ament_cmake_gmock/cmake)
-- Found controller_manager: 4.29.0 (/opt/ros/jazzy/share/controller_manager/cmake)
-- Found ros2_control_test_assets: 4.29.0 (/opt/ros/jazzy/share/ros2_control_test_assets/cmake)
-- Found gmock sources under '/opt/ros/jazzy/src/gmock_vendor': C++ tests using 'Google Mock' will be built
-- Found ament_cmake_gtest: 2.5.4 (/opt/ros/jazzy/share/ament_cmake_gtest/cmake)
-- Found gtest sources under '/opt/ros/jazzy/src/gtest_vendor': C++ tests using 'Google Test' will be built
-- Configuring done (6.8s)
-- Generating done (0.1s)
-- Build files have been written to: /home/himanshu/ros2_ws/src/build/ur_controllers
[  3%] [34m[1mRunning `/opt/ros/jazzy/bin/generate_parameter_library_cpp /home/himanshu/ros2_ws/src/build/ur_controllers/include/ur_controllers/force_mode_controller_parameters.hpp /home/himanshu/ros2_ws/src/Universal_Robots_ROS2_Driver/ur_controllers/src/force_mode_controller_parameters.yaml `[0m
[  6%] [34m[1mRunning `/opt/ros/jazzy/bin/generate_parameter_library_cpp /home/himanshu/ros2_ws/src/build/ur_controllers/include/ur_controllers/speed_scaling_state_broadcaster_parameters.hpp /home/himanshu/ros2_ws/src/Universal_Robots_ROS2_Driver/ur_controllers/src/speed_scaling_state_broadcaster_parameters.yaml `[0m
[  9%] [34m[1mRunning `/opt/ros/jazzy/bin/generate_parameter_library_cpp /home/himanshu/ros2_ws/src/build/ur_controllers/include/ur_controllers/gpio_controller_parameters.hpp /home/himanshu/ros2_ws/src/Universal_Robots_ROS2_Driver/ur_controllers/src/gpio_controller_parameters.yaml `[0m
[ 12%] [32mBuilding CXX object gmock/CMakeFiles/gmock_main.dir/src/gmock_main.cc.o[0m
[ 16%] [34m[1mRunning `/opt/ros/jazzy/bin/generate_parameter_library_cpp /home/himanshu/ros2_ws/src/build/ur_controllers/include/ur_controllers/ur_configuration_controller_parameters.hpp /home/himanshu/ros2_ws/src/Universal_Robots_ROS2_Driver/ur_controllers/src/ur_configuration_controller_parameters.yaml `[0m
[ 19%] [34m[1mRunning `/opt/ros/jazzy/bin/generate_parameter_library_cpp /home/himanshu/ros2_ws/src/build/ur_controllers/include/ur_controllers/freedrive_mode_controller_parameters.hpp /home/himanshu/ros2_ws/src/Universal_Robots_ROS2_Driver/ur_controllers/src/freedrive_mode_controller_parameters.yaml `[0m
[ 22%] [34m[1mRunning `/opt/ros/jazzy/bin/generate_parameter_library_cpp /home/himanshu/ros2_ws/src/build/ur_controllers/include/ur_controllers/passthrough_trajectory_controller_parameters.hpp /home/himanshu/ros2_ws/src/Universal_Robots_ROS2_Driver/ur_controllers/src/passthrough_trajectory_controller_parameters.yaml `[0m
[ 25%] [34m[1mCreating deprecated header file /home/himanshu/ros2_ws/src/build/ur_controllers/include/gpio_controller_parameters.hpp[0m
[ 25%] Built target gpio_controller_parameters
[ 29%] [34m[1mCreating deprecated header file /home/himanshu/ros2_ws/src/build/ur_controllers/include/force_mode_controller_parameters.hpp[0m
[ 32%] [34m[1mCreating deprecated header file /home/himanshu/ros2_ws/src/build/ur_controllers/include/speed_scaling_state_broadcaster_parameters.hpp[0m
[ 35%] [34m[1mRunning `/opt/ros/jazzy/bin/generate_parameter_library_cpp /home/himanshu/ros2_ws/src/build/ur_controllers/include/ur_controllers/scaled_joint_trajectory_controller_parameters.hpp /home/himanshu/ros2_ws/src/Universal_Robots_ROS2_Driver/ur_controllers/src/scaled_joint_trajectory_controller_parameters.yaml `[0m
[ 38%] [32mBuilding CXX object gmock/CMakeFiles/gmock.dir/opt/ros/jazzy/src/gtest_vendor/src/gtest-all.cc.o[0m
[ 38%] Built target speed_scaling_state_broadcaster_parameters
[ 38%] Built target force_mode_controller_parameters
[ 41%] [32mBuilding CXX object gmock/CMakeFiles/gmock.dir/src/gmock-all.cc.o[0m
[ 45%] [34m[1mCreating deprecated header file /home/himanshu/ros2_ws/src/build/ur_controllers/include/ur_configuration_controller_parameters.hpp[0m
[ 45%] Built target ur_configuration_controller_parameters
[ 48%] [34m[1mCreating deprecated header file /home/himanshu/ros2_ws/src/build/ur_controllers/include/passthrough_trajectory_controller_parameters.hpp[0m
[ 48%] Built target passthrough_trajectory_controller_parameters
[ 51%] [34m[1mCreating deprecated header file /home/himanshu/ros2_ws/src/build/ur_controllers/include/freedrive_mode_controller_parameters.hpp[0m
[ 51%] Built target freedrive_mode_controller_parameters
[ 54%] [34m[1mCreating deprecated header file /home/himanshu/ros2_ws/src/build/ur_controllers/include/scaled_joint_trajectory_controller_parameters.hpp[0m
[ 54%] Built target scaled_joint_trajectory_controller_parameters
[ 58%] [32mBuilding CXX object CMakeFiles/ur_controllers.dir/src/force_mode_controller.cpp.o[0m
[ 61%] [32mBuilding CXX object CMakeFiles/ur_controllers.dir/src/scaled_joint_trajectory_controller.cpp.o[0m
[ 64%] [32m[1mLinking CXX static library libgmock_main.a[0m
[ 64%] Built target gmock_main
[ 67%] [32m[1mLinking CXX static library libgmock.a[0m
[ 67%] Built target gmock
[ 70%] [32mBuilding CXX object CMakeFiles/ur_controllers.dir/src/ur_configuration_controller.cpp.o[0m
[ 74%] [32mBuilding CXX object CMakeFiles/ur_controllers.dir/src/freedrive_mode_controller.cpp.o[0m
[ 77%] [32mBuilding CXX object CMakeFiles/ur_controllers.dir/src/passthrough_trajectory_controller.cpp.o[0m
[ 80%] [32mBuilding CXX object CMakeFiles/ur_controllers.dir/src/speed_scaling_state_broadcaster.cpp.o[0m
[ 83%] [32mBuilding CXX object CMakeFiles/ur_controllers.dir/src/gpio_controller.cpp.o[0m
[ 87%] [32m[1mLinking CXX shared library libur_controllers.so[0m
[ 87%] Built target ur_controllers
[ 90%] [32mBuilding CXX object CMakeFiles/test_load_force_mode_controller.dir/test/test_load_force_mode_controller.cpp.o[0m
[ 93%] [32m[1mLinking CXX executable test_load_force_mode_controller[0m
[ 93%] Built target test_load_force_mode_controller
[ 96%] [32mBuilding CXX object CMakeFiles/test_load_freedrive_mode_controller.dir/test/test_load_freedrive_mode_controller.cpp.o[0m
gmake[2]: *** [CMakeFiles/test_load_freedrive_mode_controller.dir/build.make:76: CMakeFiles/test_load_freedrive_mode_controller.dir/test/test_load_freedrive_mode_controller.cpp.o] Interrupt
gmake[1]: *** [CMakeFiles/Makefile2:450: CMakeFiles/test_load_freedrive_mode_controller.dir/all] Interrupt
gmake: *** [Makefile:146: all] Interrupt
